[debug] [2018-02-03T01:12:41.588Z] ----------------------------------------------------------------------
[debug] [2018-02-03T01:12:41.590Z] Command:       /home/seb/n/bin/node /home/seb/n/pnpm-global/1/node_modules/firebase-tools/bin/firebase serve
[debug] [2018-02-03T01:12:41.590Z] CLI Version:   3.17.4
[debug] [2018-02-03T01:12:41.590Z] Platform:      linux
[debug] [2018-02-03T01:12:41.590Z] Node Version:  v8.9.4
[debug] [2018-02-03T01:12:41.590Z] Time:          Fri Feb 02 2018 17:12:41 GMT-0800 (PST)
[debug] [2018-02-03T01:12:41.590Z] ----------------------------------------------------------------------
[debug] 
[debug] [2018-02-03T01:12:41.600Z] > command requires scopes: ["email","openid","https://www.googleapis.com/auth/cloudplatformprojects.readonly","https://www.googleapis.com/auth/firebase","https://www.googleapis.com/auth/cloud-platform"]
[debug] [2018-02-03T01:12:41.600Z] > authorizing via signed-in user
[debug] [2018-02-03T01:12:41.601Z] > refreshing access token with scopes: ["email","https://www.googleapis.com/auth/cloud-platform","https://www.googleapis.com/auth/cloudplatformprojects.readonly","https://www.googleapis.com/auth/firebase","openid"]
[debug] [2018-02-03T01:12:41.601Z] >>> HTTP REQUEST POST https://www.googleapis.com/oauth2/v3/token  
 { refresh_token: '1/cVPsH5m53MhLNWn-YUWBSXU0M4-w63umnjtkToRNVvE',
  client_id: '563584335869-fgrhgmd47bqnekij5i8b5pr03ho849e6.apps.googleusercontent.com',
  client_secret: 'j9iVZfS8kkCEFUPaAeJV0sAi',
  grant_type: 'refresh_token',
  scope: 'email https://www.googleapis.com/auth/cloud-platform https://www.googleapis.com/auth/cloudplatformprojects.readonly https://www.googleapis.com/auth/firebase openid' } 
 Fri Feb 02 2018 17:12:41 GMT-0800 (PST)
[debug] [2018-02-03T01:12:41.828Z] <<< HTTP RESPONSE 200
[debug] [2018-02-03T01:12:41.833Z] >>> HTTP REQUEST GET https://admin.firebase.com/v1/projects/sandqvist-portfolio  
  
 Fri Feb 02 2018 17:12:41 GMT-0800 (PST)
[debug] [2018-02-03T01:12:42.467Z] <<< HTTP RESPONSE 200
[debug] [2018-02-03T01:12:42.468Z] >>> HTTP REQUEST GET https://admin.firebase.com/v1/database/sandqvist-portfolio/tokens  
  
 Fri Feb 02 2018 17:12:42 GMT-0800 (PST)
[debug] [2018-02-03T01:12:43.092Z] <<< HTTP RESPONSE 200
[info] 
[info] === Serving from '/home/seb/Code/portfolio'...
[info] 
[debug] [2018-02-03T01:12:43.093Z] >>> HTTP REQUEST GET https://cloudresourcemanager.googleapis.com/v1/projects/sandqvist-portfolio  
  
 Fri Feb 02 2018 17:12:43 GMT-0800 (PST)
[debug] [2018-02-03T01:12:43.631Z] <<< HTTP RESPONSE 200
[debug] [2018-02-03T01:12:43.632Z] >>> HTTP REQUEST GET https://mobilesdk-pa.googleapis.com/v1/projects/686864481816/clients/_:getWebAppConfig  
  
 Fri Feb 02 2018 17:12:43 GMT-0800 (PST)
[debug] [2018-02-03T01:12:44.399Z] <<< HTTP RESPONSE 200
[info] i  hosting: Serving hosting files from: public
[info] ✔  hosting: Local server: http://localhost:5000

